<?xml version="1.0" encoding="UTF-8"?>
<testng-results skipped="0" failed="0" ignored="0" total="1" passed="1">
  <reporter-output>
  </reporter-output>
  <suite name="Suite" duration-ms="48538" started-at="2020-03-05T14:12:18 IST" finished-at="2020-03-05T14:13:07 IST">
    <groups>
    </groups>
    <test name="Test" duration-ms="48538" started-at="2020-03-05T14:12:18 IST" finished-at="2020-03-05T14:13:07 IST">
      <class name="com.tests.DemoWebShopTest">
        <test-method status="PASS" signature="createReport()[pri:0, instance:com.tests.DemoWebShopTest@5d76b067]" name="createReport" is-config="true" duration-ms="271" started-at="2020-03-05T14:12:18 IST" finished-at="2020-03-05T14:12:18 IST">
          <reporter-output>
          </reporter-output>
        </test-method> <!-- createReport -->
        <test-method status="PASS" signature="setUp()[pri:0, instance:com.tests.DemoWebShopTest@5d76b067]" name="setUp" is-config="true" duration-ms="17626" started-at="2020-03-05T14:12:18 IST" finished-at="2020-03-05T14:12:36 IST">
          <reporter-output>
          </reporter-output>
        </test-method> <!-- setUp -->
        <test-method status="PASS" signature="performRegistrationAndPlaceOrder()[pri:0, instance:com.tests.DemoWebShopTest@5d76b067]" name="performRegistrationAndPlaceOrder" duration-ms="29207" started-at="2020-03-05T14:12:36 IST" finished-at="2020-03-05T14:13:05 IST">
          <reporter-output>
          </reporter-output>
        </test-method> <!-- performRegistrationAndPlaceOrder -->
        <test-method status="PASS" signature="quitBrowser()[pri:0, instance:com.tests.DemoWebShopTest@5d76b067]" name="quitBrowser" is-config="true" duration-ms="1643" started-at="2020-03-05T14:13:05 IST" finished-at="2020-03-05T14:13:07 IST">
          <reporter-output>
          </reporter-output>
        </test-method> <!-- quitBrowser -->
      </class> <!-- com.tests.DemoWebShopTest -->
    </test> <!-- Test -->
  </suite> <!-- Suite -->
</testng-results>
